Assembler report for mp4
<<<<<<< HEAD
<<<<<<< HEAD
Fri Nov 13 17:48:44 2020
=======
Sat Nov 14 00:34:36 2020
>>>>>>> a5dc7d3925256a2f5e61d53db619f7797c0a764a
=======
Sat Nov 14 03:53:46 2020
>>>>>>> f45f0df760d8cb0c91b563f82057c29fcf54ae29
Quartus Prime Version 18.1.0 Build 625 09/12/2018 SJ Standard Edition


---------------------
; Table of Contents ;
---------------------
  1. Legal Notice
  2. Assembler Summary
  3. Assembler Settings
  4. Assembler Generated Files
  5. Assembler Device Options: mp4.sof
  6. Assembler Messages



----------------
; Legal Notice ;
----------------
Copyright (C) 2018  Intel Corporation. All rights reserved.
Your use of Intel Corporation's design tools, logic functions 
and other software and tools, and its AMPP partner logic 
functions, and any output files from any of the foregoing 
(including device programming or simulation files), and any 
associated documentation or information are expressly subject 
to the terms and conditions of the Intel Program License 
Subscription Agreement, the Intel Quartus Prime License Agreement,
the Intel FPGA IP License Agreement, or other applicable license
agreement, including, without limitation, that your use is for
the sole purpose of programming logic devices manufactured by
Intel and sold by Intel or its authorized distributors.  Please
refer to the applicable agreement for further details.



+---------------------------------------------------------------+
; Assembler Summary                                             ;
+-----------------------+---------------------------------------+
<<<<<<< HEAD
<<<<<<< HEAD
; Assembler Status      ; Successful - Fri Nov 13 17:48:43 2020 ;
=======
; Assembler Status      ; Successful - Sat Nov 14 00:34:36 2020 ;
>>>>>>> a5dc7d3925256a2f5e61d53db619f7797c0a764a
=======
; Assembler Status      ; Successful - Sat Nov 14 03:53:46 2020 ;
>>>>>>> f45f0df760d8cb0c91b563f82057c29fcf54ae29
; Revision Name         ; mp4                                   ;
; Top-level Entity Name ; mp4                                   ;
; Family                ; Arria II GX                           ;
; Device                ; EP2AGX45DF25I3                        ;
+-----------------------+---------------------------------------+


+----------------------------------+
; Assembler Settings               ;
+--------+---------+---------------+
; Option ; Setting ; Default Value ;
+--------+---------+---------------+


<<<<<<< HEAD
+-------------------------------------------------------+
; Assembler Generated Files                             ;
+-------------------------------------------------------+
; File Name                                             ;
+-------------------------------------------------------+
; /home/scottl4/hydrationiskey/mp4/output_files/mp4.sof ;
+-------------------------------------------------------+
=======
+-------------------------------------------------------------------------+
; Assembler Generated Files                                               ;
+-------------------------------------------------------------------------+
; File Name                                                               ;
+-------------------------------------------------------------------------+
; /home/solee2/hydration_is_key/Hydration_is_Key/mp4/output_files/mp4.sof ;
+-------------------------------------------------------------------------+
>>>>>>> f45f0df760d8cb0c91b563f82057c29fcf54ae29


+-----------------------------------+
; Assembler Device Options: mp4.sof ;
+----------------+------------------+
; Option         ; Setting          ;
+----------------+------------------+
; JTAG usercode  ; 0x0216179C       ;
; Checksum       ; 0x0216179C       ;
+----------------+------------------+


+--------------------+
; Assembler Messages ;
+--------------------+
Info: *******************************************************************
Info: Running Quartus Prime Assembler
    Info: Version 18.1.0 Build 625 09/12/2018 SJ Standard Edition
<<<<<<< HEAD
<<<<<<< HEAD
    Info: Processing started: Fri Nov 13 17:48:38 2020
=======
    Info: Processing started: Sat Nov 14 00:34:30 2020
>>>>>>> a5dc7d3925256a2f5e61d53db619f7797c0a764a
=======
    Info: Processing started: Sat Nov 14 03:53:42 2020
>>>>>>> f45f0df760d8cb0c91b563f82057c29fcf54ae29
Info: Command: quartus_asm --read_settings_files=off --write_settings_files=off mp4 -c mp4
Warning (18236): Number of processors has not been specified which may cause overloading on shared machines.  Set the global assignment NUM_PARALLEL_PROCESSORS in your QSF to an appropriate value for best performance.
Info (115031): Writing out detailed assembly data for power analysis
Info (115030): Assembler is generating device programming files
Info: Quartus Prime Assembler was successful. 0 errors, 1 warning
<<<<<<< HEAD
<<<<<<< HEAD
    Info: Peak virtual memory: 1053 megabytes
    Info: Processing ended: Fri Nov 13 17:48:44 2020
=======
    Info: Peak virtual memory: 1050 megabytes
    Info: Processing ended: Sat Nov 14 00:34:36 2020
>>>>>>> a5dc7d3925256a2f5e61d53db619f7797c0a764a
    Info: Elapsed time: 00:00:06
    Info: Total CPU time (on all processors): 00:00:05
=======
    Info: Peak virtual memory: 1052 megabytes
    Info: Processing ended: Sat Nov 14 03:53:46 2020
    Info: Elapsed time: 00:00:04
    Info: Total CPU time (on all processors): 00:00:04
>>>>>>> f45f0df760d8cb0c91b563f82057c29fcf54ae29


