Flow report for mp4
<<<<<<< HEAD
<<<<<<< HEAD
Fri Nov 13 17:49:00 2020
=======
Sat Nov 14 00:34:56 2020
>>>>>>> a5dc7d3925256a2f5e61d53db619f7797c0a764a
=======
Sat Nov 14 03:53:58 2020
>>>>>>> f45f0df760d8cb0c91b563f82057c29fcf54ae29
Quartus Prime Version 18.1.0 Build 625 09/12/2018 SJ Standard Edition


---------------------
; Table of Contents ;
---------------------
  1. Legal Notice
  2. Flow Summary
  3. Flow Settings
  4. Flow Non-Default Global Settings
  5. Flow Elapsed Time
  6. Flow OS Summary
  7. Flow Log
  8. Flow Messages
  9. Flow Suppressed Messages



----------------
; Legal Notice ;
----------------
Copyright (C) 2018  Intel Corporation. All rights reserved.
Your use of Intel Corporation's design tools, logic functions 
and other software and tools, and its AMPP partner logic 
functions, and any output files from any of the foregoing 
(including device programming or simulation files), and any 
associated documentation or information are expressly subject 
to the terms and conditions of the Intel Program License 
Subscription Agreement, the Intel Quartus Prime License Agreement,
the Intel FPGA IP License Agreement, or other applicable license
agreement, including, without limitation, that your use is for
the sole purpose of programming logic devices manufactured by
Intel and sold by Intel or its authorized distributors.  Please
refer to the applicable agreement for further details.



+-------------------------------------------------------------------------------------+
; Flow Summary                                                                        ;
+-----------------------------------+-------------------------------------------------+
<<<<<<< HEAD
<<<<<<< HEAD
; Flow Status                       ; Successful - Fri Nov 13 17:49:00 2020           ;
=======
; Flow Status                       ; Successful - Sat Nov 14 00:34:56 2020           ;
>>>>>>> a5dc7d3925256a2f5e61d53db619f7797c0a764a
=======
; Flow Status                       ; Successful - Sat Nov 14 03:53:58 2020           ;
>>>>>>> f45f0df760d8cb0c91b563f82057c29fcf54ae29
; Quartus Prime Version             ; 18.1.0 Build 625 09/12/2018 SJ Standard Edition ;
; Revision Name                     ; mp4                                             ;
; Top-level Entity Name             ; mp4                                             ;
; Family                            ; Arria II GX                                     ;
; Device                            ; EP2AGX45DF25I3                                  ;
; Timing Models                     ; Final                                           ;
; Logic utilization                 ; 7 %                                             ;
;     Combinational ALUTs           ; 1,385 / 36,100 ( 4 % )                          ;
;     Memory ALUTs                  ; 0 / 18,050 ( 0 % )                              ;
;     Dedicated logic registers     ; 1,500 / 36,100 ( 4 % )                          ;
; Total registers                   ; 1500                                            ;
; Total pins                        ; 171 / 292 ( 59 % )                              ;
; Total virtual pins                ; 0                                               ;
; Total block memory bits           ; 0 / 2,939,904 ( 0 % )                           ;
; DSP block 18-bit elements         ; 0 / 232 ( 0 % )                                 ;
; Total GXB Receiver Channel PCS    ; 0 / 8 ( 0 % )                                   ;
; Total GXB Receiver Channel PMA    ; 0 / 8 ( 0 % )                                   ;
; Total GXB Transmitter Channel PCS ; 0 / 8 ( 0 % )                                   ;
; Total GXB Transmitter Channel PMA ; 0 / 8 ( 0 % )                                   ;
; Total PLLs                        ; 0 / 4 ( 0 % )                                   ;
; Total DLLs                        ; 0 / 2 ( 0 % )                                   ;
+-----------------------------------+-------------------------------------------------+


+-----------------------------------------+
; Flow Settings                           ;
+-------------------+---------------------+
; Option            ; Setting             ;
+-------------------+---------------------+
<<<<<<< HEAD
<<<<<<< HEAD
; Start date & time ; 11/13/2020 17:47:19 ;
=======
; Start date & time ; 11/14/2020 00:33:08 ;
>>>>>>> a5dc7d3925256a2f5e61d53db619f7797c0a764a
=======
; Start date & time ; 11/14/2020 03:52:40 ;
>>>>>>> f45f0df760d8cb0c91b563f82057c29fcf54ae29
; Main task         ; Compilation         ;
; Revision Name     ; mp4                 ;
+-------------------+---------------------+


+------------------------------------------------------------------------------------------------------------------------------+
; Flow Non-Default Global Settings                                                                                             ;
+--------------------------------------+----------------------------------------+---------------+-------------+----------------+
; Assignment Name                      ; Value                                  ; Default Value ; Entity Name ; Section Id     ;
+--------------------------------------+----------------------------------------+---------------+-------------+----------------+
<<<<<<< HEAD
<<<<<<< HEAD
; COMPILER_SIGNATURE_ID                ; 233845176318067.160531123900796        ; --            ; --          ; --             ;
=======
; COMPILER_SIGNATURE_ID                ; 233845176327143.160533558837213        ; --            ; --          ; --             ;
>>>>>>> a5dc7d3925256a2f5e61d53db619f7797c0a764a
=======
; COMPILER_SIGNATURE_ID                ; 345052676702.160534756007861           ; --            ; --          ; --             ;
>>>>>>> f45f0df760d8cb0c91b563f82057c29fcf54ae29
; EDA_DESIGN_INSTANCE_NAME             ; NA                                     ; --            ; --          ; mp3_tb         ;
; EDA_NATIVELINK_SIMULATION_TEST_BENCH ; mp3_tb                                 ; --            ; --          ; eda_simulation ;
; EDA_OUTPUT_DATA_FORMAT               ; Systemverilog Hdl                      ; --            ; --          ; eda_simulation ;
; EDA_SIMULATION_TOOL                  ; ModelSim-Altera (SystemVerilog)        ; <None>        ; --          ; --             ;
; EDA_TEST_BENCH_ENABLE_STATUS         ; TEST_BENCH_MODE                        ; --            ; --          ; eda_simulation ;
<<<<<<< HEAD
=======
; EDA_TEST_BENCH_FILE                  ; hvl/top.sv                             ; --            ; --          ; mp3_tb         ;
>>>>>>> a5dc7d3925256a2f5e61d53db619f7797c0a764a
; EDA_TEST_BENCH_FILE                  ; hvl/magic_dual_port.sv                 ; --            ; --          ; mp3_tb         ;
; EDA_TEST_BENCH_FILE                  ; hvl/param_memory.sv                    ; --            ; --          ; mp3_tb         ;
; EDA_TEST_BENCH_FILE                  ; hvl/rvfi_itf.sv                        ; --            ; --          ; mp3_tb         ;
; EDA_TEST_BENCH_FILE                  ; hvl/rvfimon.v                          ; --            ; --          ; mp3_tb         ;
; EDA_TEST_BENCH_FILE                  ; hvl/shadow_memory.sv                   ; --            ; --          ; mp3_tb         ;
; EDA_TEST_BENCH_FILE                  ; hvl/source_tb.sv                       ; --            ; --          ; mp3_tb         ;
; EDA_TEST_BENCH_FILE                  ; hvl/tb_itf.sv                          ; --            ; --          ; mp3_tb         ;
<<<<<<< HEAD
; EDA_TEST_BENCH_FILE                  ; hvl/top.sv                             ; --            ; --          ; mp3_tb         ;
=======
>>>>>>> a5dc7d3925256a2f5e61d53db619f7797c0a764a
; EDA_TEST_BENCH_MODULE_NAME           ; mp3_tb                                 ; --            ; --          ; mp3_tb         ;
; EDA_TEST_BENCH_NAME                  ; mp3_tb                                 ; --            ; --          ; eda_simulation ;
; EDA_TIME_SCALE                       ; 1 ps                                   ; --            ; --          ; eda_simulation ;
; MAX_CORE_JUNCTION_TEMP               ; 100                                    ; --            ; --          ; --             ;
; MIN_CORE_JUNCTION_TEMP               ; -40                                    ; --            ; --          ; --             ;
; PARTITION_COLOR                      ; -- (Not supported for targeted family) ; --            ; --          ; Top            ;
; PARTITION_FITTER_PRESERVATION_LEVEL  ; -- (Not supported for targeted family) ; --            ; --          ; Top            ;
; PARTITION_NETLIST_TYPE               ; -- (Not supported for targeted family) ; --            ; --          ; Top            ;
; POWER_BOARD_THERMAL_MODEL            ; None (CONSERVATIVE)                    ; --            ; --          ; --             ;
; POWER_PRESET_COOLING_SOLUTION        ; 23 MM HEAT SINK WITH 200 LFPM AIRFLOW  ; --            ; --          ; --             ;
; PROJECT_OUTPUT_DIRECTORY             ; output_files                           ; --            ; --          ; --             ;
+--------------------------------------+----------------------------------------+---------------+-------------+----------------+


+--------------------------------------------------------------------------------------------------------------------------+
; Flow Elapsed Time                                                                                                        ;
+----------------------+--------------+-------------------------+---------------------+------------------------------------+
; Module Name          ; Elapsed Time ; Average Processors Used ; Peak Virtual Memory ; Total CPU Time (on all processors) ;
+----------------------+--------------+-------------------------+---------------------+------------------------------------+
<<<<<<< HEAD
<<<<<<< HEAD
; Analysis & Synthesis ; 00:00:27     ; 1.0                     ; 1257 MB             ; 00:00:47                           ;
; Fitter               ; 00:00:48     ; 1.2                     ; 2462 MB             ; 00:01:24                           ;
; Assembler            ; 00:00:05     ; 1.0                     ; 1049 MB             ; 00:00:05                           ;
; Timing Analyzer      ; 00:00:07     ; 1.4                     ; 1221 MB             ; 00:00:07                           ;
; EDA Netlist Writer   ; 00:00:07     ; 1.0                     ; 1276 MB             ; 00:00:06                           ;
; Total                ; 00:01:34     ; --                      ; --                  ; 00:02:29                           ;
=======
; Analysis & Synthesis ; 00:00:27     ; 1.0                     ; 1255 MB             ; 00:00:46                           ;
; Fitter               ; 00:00:50     ; 1.2                     ; 2502 MB             ; 00:01:20                           ;
; Assembler            ; 00:00:06     ; 1.0                     ; 1050 MB             ; 00:00:05                           ;
; Timing Analyzer      ; 00:00:08     ; 1.3                     ; 1215 MB             ; 00:00:06                           ;
; EDA Netlist Writer   ; 00:00:09     ; 1.0                     ; 1279 MB             ; 00:00:07                           ;
; Total                ; 00:01:40     ; --                      ; --                  ; 00:02:24                           ;
>>>>>>> a5dc7d3925256a2f5e61d53db619f7797c0a764a
=======
; Analysis & Synthesis ; 00:00:22     ; 1.0                     ; 1201 MB             ; 00:00:33                           ;
; Fitter               ; 00:00:37     ; 1.3                     ; 2453 MB             ; 00:00:54                           ;
; Assembler            ; 00:00:04     ; 1.0                     ; 1052 MB             ; 00:00:04                           ;
; Timing Analyzer      ; 00:00:05     ; 1.6                     ; 1218 MB             ; 00:00:05                           ;
; EDA Netlist Writer   ; 00:00:05     ; 1.0                     ; 1279 MB             ; 00:00:05                           ;
; Total                ; 00:01:13     ; --                      ; --                  ; 00:01:41                           ;
>>>>>>> f45f0df760d8cb0c91b563f82057c29fcf54ae29
+----------------------+--------------+-------------------------+---------------------+------------------------------------+


+-------------------------------------------------------------------------------------------------+
; Flow OS Summary                                                                                 ;
+----------------------+---------------------------+--------------+--------------+----------------+
; Module Name          ; Machine Hostname          ; OS Name      ; OS Version   ; Processor type ;
+----------------------+---------------------------+--------------+--------------+----------------+
<<<<<<< HEAD
; Analysis & Synthesis ; linux-a3.ews.illinois.edu ; CentOS Linux ; CentOS Linux ; x86_64         ;
; Fitter               ; linux-a3.ews.illinois.edu ; CentOS Linux ; CentOS Linux ; x86_64         ;
; Assembler            ; linux-a3.ews.illinois.edu ; CentOS Linux ; CentOS Linux ; x86_64         ;
; Timing Analyzer      ; linux-a3.ews.illinois.edu ; CentOS Linux ; CentOS Linux ; x86_64         ;
; EDA Netlist Writer   ; linux-a3.ews.illinois.edu ; CentOS Linux ; CentOS Linux ; x86_64         ;
=======
; Analysis & Synthesis ; linux-04.ews.illinois.edu ; CentOS Linux ; CentOS Linux ; x86_64         ;
; Fitter               ; linux-04.ews.illinois.edu ; CentOS Linux ; CentOS Linux ; x86_64         ;
; Assembler            ; linux-04.ews.illinois.edu ; CentOS Linux ; CentOS Linux ; x86_64         ;
; Timing Analyzer      ; linux-04.ews.illinois.edu ; CentOS Linux ; CentOS Linux ; x86_64         ;
; EDA Netlist Writer   ; linux-04.ews.illinois.edu ; CentOS Linux ; CentOS Linux ; x86_64         ;
>>>>>>> f45f0df760d8cb0c91b563f82057c29fcf54ae29
+----------------------+---------------------------+--------------+--------------+----------------+


------------
; Flow Log ;
------------
quartus_map --read_settings_files=on --write_settings_files=off mp4 -c mp4
quartus_fit --read_settings_files=off --write_settings_files=off mp4 -c mp4
quartus_asm --read_settings_files=off --write_settings_files=off mp4 -c mp4
quartus_sta mp4 -c mp4
quartus_eda --read_settings_files=off --write_settings_files=off mp4 -c mp4



