Info: *******************************************************************
Info: Running Quartus Prime Analysis & Synthesis
    Info: Version 18.1.0 Build 625 09/12/2018 SJ Standard Edition
    Info: Copyright (C) 2018  Intel Corporation. All rights reserved.
    Info: Your use of Intel Corporation's design tools, logic functions 
    Info: and other software and tools, and its AMPP partner logic 
    Info: functions, and any output files from any of the foregoing 
    Info: (including device programming or simulation files), and any 
    Info: associated documentation or information are expressly subject 
    Info: to the terms and conditions of the Intel Program License 
    Info: Subscription Agreement, the Intel Quartus Prime License Agreement,
    Info: the Intel FPGA IP License Agreement, or other applicable license
    Info: agreement, including, without limitation, that your use is for
    Info: the sole purpose of programming logic devices manufactured by
    Info: Intel and sold by Intel or its authorized distributors.  Please
    Info: refer to the applicable agreement for further details.
    Info: Processing started: Tue Dec  1 06:16:35 2020
Info: Command: quartus_map mp4 -c mp4
Warning (18236): Number of processors has not been specified which may cause overloading on shared machines.  Set the global assignment NUM_PARALLEL_PROCESSORS in your QSF to an appropriate value for best performance.
Info (20029): Only one processor detected - disabling parallel compilation
Info (12021): Found 1 design units, including 1 entities, in source file hdl/cache/arbiter.sv
    Info (12023): Found entity 1: arbiter File: /job/student/hdl/cache/arbiter.sv Line: 1
Info (12021): Found 1 design units, including 1 entities, in source file hdl/cache/line_adapter.sv
    Info (12023): Found entity 1: line_adapter File: /job/student/hdl/cache/line_adapter.sv Line: 1
Info (12021): Found 1 design units, including 0 entities, in source file hdl/rv32i_types.sv
    Info (12022): Found design unit 1: rv32i_types (SystemVerilog) File: /job/student/hdl/rv32i_types.sv Line: 3
Info (12021): Found 5 design units, including 0 entities, in source file hdl/rv32i_mux_types.sv
    Info (12022): Found design unit 1: pcmux (SystemVerilog) File: /job/student/hdl/rv32i_mux_types.sv Line: 3
    Info (12022): Found design unit 2: marmux (SystemVerilog) File: /job/student/hdl/rv32i_mux_types.sv Line: 11
    Info (12022): Found design unit 3: cmpmux (SystemVerilog) File: /job/student/hdl/rv32i_mux_types.sv Line: 18
    Info (12022): Found design unit 4: alumux (SystemVerilog) File: /job/student/hdl/rv32i_mux_types.sv Line: 25
    Info (12022): Found design unit 5: regfilemux (SystemVerilog) File: /job/student/hdl/rv32i_mux_types.sv Line: 41
Info (12021): Found 1 design units, including 1 entities, in source file hdl/mp4.sv
    Info (12023): Found entity 1: mp4 File: /job/student/hdl/mp4.sv Line: 3
Info (12021): Found 1 design units, including 1 entities, in source file hdl/pipeline/WB.sv
    Info (12023): Found entity 1: WB File: /job/student/hdl/pipeline/WB.sv Line: 5
Info (12021): Found 1 design units, including 1 entities, in source file hdl/pipeline/sreg_MEM_WB.sv
    Info (12023): Found entity 1: sreg_MEM_WB File: /job/student/hdl/pipeline/sreg_MEM_WB.sv Line: 3
Info (12021): Found 1 design units, including 1 entities, in source file hdl/pipeline/sreg_IF_ID.sv
    Info (12023): Found entity 1: sreg_IF_ID File: /job/student/hdl/pipeline/sreg_IF_ID.sv Line: 1
Info (12021): Found 1 design units, including 1 entities, in source file hdl/pipeline/sreg_ID_EX.sv
    Info (12023): Found entity 1: sreg_ID_EX File: /job/student/hdl/pipeline/sreg_ID_EX.sv Line: 3
Info (12021): Found 1 design units, including 1 entities, in source file hdl/pipeline/sreg_EX_MEM.sv
    Info (12023): Found entity 1: sreg_EX_MEM File: /job/student/hdl/pipeline/sreg_EX_MEM.sv Line: 3
Info (12021): Found 1 design units, including 1 entities, in source file hdl/pipeline/MEM.sv
    Info (12023): Found entity 1: MEM File: /job/student/hdl/pipeline/MEM.sv Line: 3
Info (12021): Found 1 design units, including 1 entities, in source file hdl/pipeline/IF.sv
    Info (12023): Found entity 1: IF File: /job/student/hdl/pipeline/IF.sv Line: 5
Info (12021): Found 1 design units, including 1 entities, in source file hdl/pipeline/ID.sv
    Info (12023): Found entity 1: ID File: /job/student/hdl/pipeline/ID.sv Line: 3
Info (12021): Found 1 design units, including 1 entities, in source file hdl/pipeline/hazard_detection.sv
    Info (12023): Found entity 1: hazard_detection File: /job/student/hdl/pipeline/hazard_detection.sv Line: 5
Info (12021): Found 1 design units, including 1 entities, in source file hdl/pipeline/EX.sv
    Info (12023): Found entity 1: EX File: /job/student/hdl/pipeline/EX.sv Line: 5
Info (12021): Found 1 design units, including 1 entities, in source file hdl/pipeline/control_rom.sv
    Info (12023): Found entity 1: control_rom File: /job/student/hdl/pipeline/control_rom.sv Line: 3
Info (12021): Found 1 design units, including 1 entities, in source file hdl/cpu/register.sv
    Info (12023): Found entity 1: register File: /job/student/hdl/cpu/register.sv Line: 3
Info (12021): Found 1 design units, including 1 entities, in source file hdl/cpu/regfile.sv
    Info (12023): Found entity 1: regfile File: /job/student/hdl/cpu/regfile.sv Line: 3
Info (12021): Found 1 design units, including 1 entities, in source file hdl/cpu/pc_reg.sv
    Info (12023): Found entity 1: pc_register File: /job/student/hdl/cpu/pc_reg.sv Line: 3
Info (12021): Found 1 design units, including 1 entities, in source file hdl/cpu/cpu_datapath.sv
    Info (12023): Found entity 1: cpu_datapath File: /job/student/hdl/cpu/cpu_datapath.sv Line: 5
Info (12021): Found 1 design units, including 1 entities, in source file hdl/cpu/cmp.sv
    Info (12023): Found entity 1: cmp File: /job/student/hdl/cpu/cmp.sv Line: 3
Info (12021): Found 1 design units, including 1 entities, in source file hdl/cpu/alu.sv
    Info (12023): Found entity 1: alu File: /job/student/hdl/cpu/alu.sv Line: 5
Info (12021): Found 1 design units, including 1 entities, in source file hdl/cache/data_array.sv
    Info (12023): Found entity 1: data_array File: /job/student/hdl/cache/data_array.sv Line: 1
Info (12021): Found 1 design units, including 1 entities, in source file hdl/cache/cache_datapath.sv
    Info (12023): Found entity 1: cache_datapath File: /job/student/hdl/cache/cache_datapath.sv Line: 1
Info (12021): Found 1 design units, including 1 entities, in source file hdl/cache/cache_control.sv
    Info (12023): Found entity 1: cache_control File: /job/student/hdl/cache/cache_control.sv Line: 1
Info (12021): Found 1 design units, including 1 entities, in source file hdl/cache/cache.sv
    Info (12023): Found entity 1: cache File: /job/student/hdl/cache/cache.sv Line: 1
Info (12021): Found 1 design units, including 1 entities, in source file hdl/cache/array.sv
    Info (12023): Found entity 1: array File: /job/student/hdl/cache/array.sv Line: 1
Warning (10236): Verilog HDL Implicit Net warning at mp4.sv(71): created implicit net for "i_mem_write" File: /job/student/hdl/mp4.sv Line: 71
Warning (10236): Verilog HDL Implicit Net warning at sreg_IF_ID.sv(33): created implicit net for "addr_out" File: /job/student/hdl/pipeline/sreg_IF_ID.sv Line: 33
Warning (10236): Verilog HDL Implicit Net warning at ID.sv(24): created implicit net for "load_regfile_h" File: /job/student/hdl/pipeline/ID.sv Line: 24
Error (10932): SystemVerilog error at mp4.sv(136): can't resolve implicit port connection(s) to instance "cacheline_adaptor" without a module declaration or an extern equivalent File: /job/student/hdl/mp4.sv Line: 136
Error: Quartus Prime Analysis & Synthesis was unsuccessful. 1 error, 4 warnings
    Error: Peak virtual memory: 995 megabytes
    Error: Processing ended: Tue Dec  1 06:16:52 2020
    Error: Elapsed time: 00:00:17
    Error: Total CPU time (on all processors): 00:00:16
